# JRE version: Java(TM) SE Runtime Environment 18.9 (11.0.16.1+1) (build 11.0.16.1+1-LTS-1)
# Java VM: Java HotSpot(TM) 64-Bit Server VM 18.9 (11.0.16.1+1-LTS-1, mixed mode, tiered, compressed oops, g1 gc, windows-amd64)
Heap:
 garbage-first heap   total 58368K, used 26812K [0x00000000c1400000, 0x0000000100000000)
  region size 1024K, 13 young (13312K), 2 survivors (2048K)
 Metaspace       used 48342K, capacity 49863K, committed 50048K, reserved 1093632K
  class space    used 5803K, capacity 6422K, committed 6528K, reserved 1048576K
GC Heap History (10 events):
Event: 27.629 GC heap before
{Heap before GC invocations=10 (full 0):
 garbage-first heap   total 78848K, used 44359K [0x00000000c1400000, 0x0000000100000000)
  region size 1024K, 33 young (33792K), 3 survivors (3072K)
 Metaspace       used 42951K, capacity 44347K, committed 44544K, reserved 1087488K
  class space    used 5272K, capacity 5832K, committed 5888K, reserved 1048576K
}
Event: 27.633 GC heap after
{Heap after GC invocations=11 (full 0):
 garbage-first heap   total 78848K, used 16613K [0x00000000c1400000, 0x0000000100000000)
  region size 1024K, 5 young (5120K), 5 survivors (5120K)
 Metaspace       used 42951K, capacity 44347K, committed 44544K, reserved 1087488K
  class space    used 5272K, capacity 5832K, committed 5888K, reserved 1048576K
}
Event: 30.698 GC heap before
{Heap before GC invocations=11 (full 0):
 garbage-first heap   total 78848K, used 46309K [0x00000000c1400000, 0x0000000100000000)
  region size 1024K, 35 young (35840K), 5 survivors (5120K)
 Metaspace       used 47340K, capacity 48803K, committed 49024K, reserved 1091584K
  class space    used 5675K, capacity 6251K, committed 6272K, reserved 1048576K
}
Event: 30.714 GC heap after
{Heap after GC invocations=12 (full 0):
 garbage-first heap   total 78848K, used 17625K [0x00000000c1400000, 0x0000000100000000)
  region size 1024K, 4 young (4096K), 4 survivors (4096K)
 Metaspace       used 47340K, capacity 48803K, committed 49024K, reserved 1091584K
  class space    used 5675K, capacity 6251K, committed 6272K, reserved 1048576K
}
Event: 666.321 GC heap before
{Heap before GC invocations=12 (full 0):
 garbage-first heap   total 78848K, used 51417K [0x00000000c1400000, 0x0000000100000000)
  region size 1024K, 35 young (35840K), 4 survivors (4096K)
 Metaspace       used 48181K, capacity 49691K, committed 49920K, reserved 1093632K
  class space    used 5768K, capacity 6355K, committed 6400K, reserved 1048576K
}
Event: 666.456 GC heap after
{Heap after GC invocations=13 (full 0):
 garbage-first heap   total 78848K, used 17814K [0x00000000c1400000, 0x0000000100000000)
  region size 1024K, 2 young (2048K), 2 survivors (2048K)
 Metaspace       used 48181K, capacity 49691K, committed 49920K, reserved 1093632K
  class space    used 5768K, capacity 6355K, committed 6400K, reserved 1048576K
}
Event: 1985.427 GC heap before
{Heap before GC invocations=13 (full 0):
 garbage-first heap   total 78848K, used 39318K [0x00000000c1400000, 0x0000000100000000)
  region size 1024K, 24 young (24576K), 2 survivors (2048K)
 Metaspace       used 48316K, capacity 49892K, committed 50048K, reserved 1093632K
  class space    used 5790K, capacity 6401K, committed 6528K, reserved 1048576K
}
Event: 1986.227 GC heap after
{Heap after GC invocations=14 (full 1):
 garbage-first heap   total 58368K, used 14524K [0x00000000c1400000, 0x0000000100000000)
  region size 1024K, 0 young (0K), 0 survivors (0K)
 Metaspace       used 48263K, capacity 49752K, committed 50048K, reserved 1093632K
  class space    used 5788K, capacity 6397K, committed 6528K, reserved 1048576K
}
Event: 1987.692 GC heap before
{Heap before GC invocations=14 (full 1):
 garbage-first heap   total 58368K, used 39100K [0x00000000c1400000, 0x0000000100000000)
  region size 1024K, 25 young (25600K), 0 survivors (0K)
 Metaspace       used 48304K, capacity 49803K, committed 50048K, reserved 1093632K
  class space    used 5796K, capacity 6409K, committed 6528K, reserved 1048576K
}
Event: 1987.707 GC heap after
{Heap after GC invocations=15 (full 1):
 garbage-first heap   total 58368K, used 16572K [0x00000000c1400000, 0x0000000100000000)
  region size 1024K, 2 young (2048K), 2 survivors (2048K)
 Metaspace       used 48304K, capacity 49803K, committed 50048K, reserved 1093632K
  class space    used 5796K, capacity 6409K, committed 6528K, reserved 1048576K
}

